INFO:root:
INFO:root:
INFO:root:
INFO:root:b'Message from Python!\n'
INFO:root:b'go straight\n'
INFO:root:b'Message from Python!\n'
INFO:root:b'go straight\n'
INFO:root:b'Message from Python!\n'
INFO:root:b'go straight\n'
INFO:root:b'Message from Python!\n'
INFO:root:b'go straight\n'
INFO:root:b'Message from Python!\n'
INFO:root:b'go straight\n'
INFO:root:b'Message from Python!\n'
INFO:root:b'go straight\n'
INFO:root:b'Message from Python!\n'
INFO:root:b'turn left\n'
INFO:root:b'Message from Python!\n'
INFO:root:b'turn left\n'
INFO:root:b'Message from Python!\n'
INFO:root:b'turn left\n'
INFO:root:b'Message from Python!\n'
INFO:root:b'turn left\n'
INFO:root:b'Message from Python!\n'
INFO:root:b'turn left\n'
INFO:root:b'Message from Python!\n'
INFO:root:b'turn left\n'
INFO:root:b'Message from Python!\n'
INFO:root:b'turn left\n'
INFO:root:b'Message from Python!\n'
INFO:root:b'turn left\n'
INFO:root:b'Message from Python!\n'
INFO:root:b'turn left\n'
INFO:root:b'Message from Python!\n'
INFO:root:b'turn left\n'
INFO:root:b'Message from Python!\n'
INFO:root:b'turn left\n'
INFO:root:b'Message from Python!\n'
INFO:root:b'turn left\n'
INFO:root:b'Message from Python!\n'
INFO:root:b'turn left\n'
INFO:root:b'Message from Python!\n'
INFO:root:b'parking\n'
INFO:root:b'Message from Python!\n'
INFO:root:b'parking\n'
INFO:root:b'Message from Python!\n'
INFO:root:b'parking\n'
INFO:root:b'Message from Python!\n'
INFO:root:b'parking\n'
INFO:root:b'Message from Python!\n'
INFO:root:b'parking\n'
INFO:root:b'Message from Python!\n'
INFO:root:b'number is 3\n'
INFO:root:b'leave mission1\n'
INFO:root:b'leave maze\n'
INFO:root:b'Message from Python!\n'
INFO:root:b'number is 3\n'
INFO:root:b'leave mission1\n'
INFO:root:b'leave maze\n'
INFO:root:b'Message from Python!\n'
INFO:root:b'number is 3\n'
INFO:root:b'leave mission1\n'
INFO:root:b'leave maze\n'
INFO:root:b'Message from Python!\n'
INFO:root:b'number is 3\n'
INFO:root:b'leave mission1\n'
INFO:root:b'leave maze\n'
INFO:root:b'Message from Python!\n'
INFO:root:b'number is 3\n'
INFO:root:b'leave mission1\n'
INFO:root:b'leave maze\n'
INFO:root:b'Message from Python!\n'
INFO:root:b'number is 3\n'
INFO:root:b'leave mission1\n'
INFO:root:b'leave maze\n'
INFO:root:b'Message from Python!\n'
INFO:root:b'number is 3\n'
INFO:root:b'leave mission1\n'
INFO:root:b'leave maze\n'
INFO:root:b'Message from Python!\n'
INFO:root:b'number is 3\n'
INFO:root:b'leave mission1\n'
INFO:root:b'leave maze\n'
INFO:root:b'Message from Python!\n'
INFO:root:b'number is 3\n'
INFO:root:b'leave mission1\n'
INFO:root:b'leave maze\n'
INFO:root:b'Message from Python!\n'
INFO:root:b'number is 3\n'
INFO:root:b'leave mission1\n'
INFO:root:b'leave maze\n'
INFO:root:b'Message from Python!\n'
INFO:root:b'number is 3\n'
INFO:root:b'leave mission1\n'
INFO:root:b'leave maze\n'
INFO:root:b'Message from Python!\n'
INFO:root:b'leave mission1\n'
INFO:root:b'leave maze\n'
INFO:root:b'Message from Python!\n'
INFO:root:b'leave mission1\n'
INFO:root:b'leave maze\n'
INFO:root:b'Message from Python!\n'
INFO:root:b'leave mission1\n'
INFO:root:b'leave maze\n'
INFO:root:b'Message from Python!\n'
INFO:root:b'leave mission1\n'
INFO:root:b'leave maze\n'
INFO:root:b'Message from Python!\n'
INFO:root:b'leave mission1\n'
INFO:root:b'leave maze\n'
INFO:root:b'Message from Python!\n'
INFO:root:b'leave mission1\n'
INFO:root:b'leave maze\n'
INFO:root:b'Message from Python!\n'
INFO:root:b'leave mission1\n'
INFO:root:b'leave maze\n'
INFO:root:b'Message from Python!\n'
INFO:root:b'leave mission1\n'
INFO:root:b'leave maze\n'
INFO:root:b'Message from Python!\n'
INFO:root:b'leave mission1\n'
INFO:root:b'leave maze\n'
INFO:root:b'Message from Python!\n'
INFO:root:b'leave mission1\n'
INFO:root:b'leave maze\n'
INFO:root:b'Message from Python!\n'
INFO:root:b'leave mission1\n'
INFO:root:b'leave maze\n'
INFO:root:b'Message from Python!\n'
INFO:root:b'leave mission1\n'
INFO:root:b'leave maze\n'
INFO:root:b'Message from Python!\n'
INFO:root:b'leave mission1\n'
INFO:root:b'leave maze\n'
INFO:root:b'Message from Python!\n'
INFO:root:b'leave mission1\n'
INFO:root:b'leave maze\n'
INFO:root:b'Message from Python!\n'
INFO:root:b'leave mission1\n'
INFO:root:b'Message from Python!\n'
INFO:root:b'leave maze\n'
INFO:root:b'leave mission1\n'
INFO:root:b'Message from Python!\n'
INFO:root:b'leave maze\n'
INFO:root:b'leave mission1\n'
INFO:root:b'Message from Python!\n'
INFO:root:b'leave maze\n'
INFO:root:b'Message from Python!\n'
INFO:root:b'leave mission1\n'
INFO:root:b'leave maze\n'
INFO:root:b'Message from Python!\n'
INFO:root:b'leave mission1\n'
INFO:root:b'leave maze\n'
INFO:root:b'Message from Python!\n'
INFO:root:b'leave mission1\n'
INFO:root:b'leave maze\n'
INFO:root:b'Message from Python!\n'
INFO:root:b'leave mission1\n'
INFO:root:b'leave maze\n'
INFO:root:b'Message from Python!\n'
INFO:root:b'leave mission1\n'
INFO:root:b'leave maze\n'
INFO:root:b'Message from Python!\n'
INFO:root:b'leave mission1\n'
INFO:root:b'leave maze\n'
INFO:root:b'Message from Python!\n'
INFO:root:b'leave mission1\n'
INFO:root:b'leave maze\n'
INFO:root:b'Message from Python!\n'
INFO:root:b'leave mission1\n'
INFO:root:b'leave maze\n'
INFO:root:b'Message from Python!\n'
INFO:root:b'leave mission1\n'
INFO:root:b'leave maze\n'
INFO:root:b'Message from Python!\n'
INFO:root:b'leave mission1\n'
INFO:root:b'leave maze\n'
INFO:root:b'Message from Python!\n'
INFO:root:b'leave mission1\n'
INFO:root:b'leave maze\n'
INFO:root:b'Message from Python!\n'
INFO:root:b'leave mission1\n'
INFO:root:b'leave maze\n'
INFO:root:b'Message from Python!\n'
INFO:root:b'leave mission1\n'
INFO:root:b'leave maze\n'
INFO:root:b'Message from Python!\n'
INFO:root:b'leave mission1\n'
INFO:root:b'leave maze\n'
INFO:root:b'Message from Python!\n'
INFO:root:b'leave mission1\n'
INFO:root:b'leave maze\n'
INFO:root:b'Message from Python!\n'
INFO:root:b'leave mission1\n'
INFO:root:b'leave maze\n'
INFO:root:b'Message from Python!\n'
INFO:root:b'leave mission1\n'
INFO:root:b'leave maze\n'
INFO:root:b'Message from Python!\n'
INFO:root:b'leave mission1\n'
INFO:root:b'leave maze\n'
INFO:root:b'Message from Python!\n'
INFO:root:b'leave mission1\n'
INFO:root:b'leave maze\n'
INFO:root:b'Message from Python!\n'
INFO:root:b'leave mission1\n'
INFO:root:b'leave maze\n'
INFO:root:b'Message from Python!\n'
INFO:root:b'leave maze\n'
INFO:root:b'Message from Python!\n'
INFO:root:b'leave maze\n'
INFO:root:b'Message from Python!\n'
